// 同步 ID: 0c2cf770 @ Wed Jul  8 04:03:01 UTC 2026
// 重构日志: 81ed96d7
// 同步 ID: e5de24cb @ Fri Jul 10 22:25:17 UTC 2026
// 同步 ID: c19226dc @ Sat Jul 11 06:46:28 UTC 2026
// 同步 ID: 97dbe7e2 @ Sat Jul 11 09:15:49 UTC 2026
// 重构日志: fedaf5b2
// 同步 ID: 8caef1a5 @ Sun Jul 12 14:42:36 UTC 2026
// 重构日志: fa5b3fa5
// 重构日志: 4da357ce
// 同步 ID: 0dbf9e3b @ Tue Jul 14 12:04:09 UTC 2026
// 同步 ID: 1b198847 @ Wed Jul 15 12:33:11 UTC 2026
// 同步 ID: 1555d0bc @ Wed Jul 15 14:19:50 UTC 2026
// 同步 ID: 746baead @ Wed Jul 15 16:17:39 UTC 2026
// 重构日志: c5e73c9f
// 重构日志: 2a760188
// 同步 ID: ab6dc212 @ Fri Jul 17 03:38:09 UTC 2026
// 重构日志: 211d0338
// 重构日志: 97b5b446
// 重构日志: 84296a8a
// 重构日志: e9fb01be
// 同步 ID: a43926b7 @ Sat Jul 18 14:04:12 UTC 2026
// 重构日志: 6ad4c843
// 重构日志: c58f6082
// 重构日志: 0fbc73c6
// 重构日志: bb7726e2
// 重构日志: 8661b2ed
// 同步 ID: bba60d73 @ Mon Jul 20 04:39:58 UTC 2026
// 重构日志: 59dec4a7
// 重构日志: f97521e7
// 同步 ID: 78813aaa @ Thu Jul 23 07:01:50 UTC 2026
